<?xml version="1.0" encoding="UTF-8"?>
<testsuite name="prog2ha.AppTest" tests="1" skipped="0" failures="0" errors="0" timestamp="2021-04-22T19:13:16" hostname="DOGAN" time="0.014">
  <properties/>
  <testcase name="appHasAGreeting()" classname="prog2ha.AppTest" time="0.014"/>
  <system-out><![CDATA[]]></system-out>
  <system-err><![CDATA[]]></system-err>
</testsuite>
